2019-12-08 19:29:00.768 [main] INFO  o.s.c.s.PostProcessorRegistrationDelegate$BeanPostProcessorChecker - Bean 'org.springframework.cloud.autoconfigure.ConfigurationPropertiesRebinderAutoConfiguration' of type [org.springframework.cloud.autoconfigure.ConfigurationPropertiesRebinderAutoConfiguration$$EnhancerBySpringCGLIB$$b0795841] is not eligible for getting processed by all BeanPostProcessors (for example: not eligible for auto-proxying)
2019-12-08 19:29:01.036 [main] INFO  com.rpa.web.WebApplication - The following profiles are active: test
2019-12-08 19:29:01.674 [main] INFO  o.s.d.r.config.RepositoryConfigurationDelegate - Multiple Spring Data modules found, entering strict repository configuration mode!
2019-12-08 19:29:01.676 [main] INFO  o.s.d.r.config.RepositoryConfigurationDelegate - Bootstrapping Spring Data repositories in DEFAULT mode.
2019-12-08 19:29:01.705 [main] INFO  o.s.d.r.config.RepositoryConfigurationDelegate - Finished Spring Data repository scanning in 18ms. Found 0 repository interfaces.
2019-12-08 19:29:02.034 [main] INFO  o.springframework.cloud.context.scope.GenericScope - BeanFactory id=027cae42-92a8-3479-b11c-c6d1067cc750
2019-12-08 19:29:02.098 [main] INFO  o.s.c.s.PostProcessorRegistrationDelegate$BeanPostProcessorChecker - Bean 'org.springframework.amqp.rabbit.annotation.RabbitBootstrapConfiguration' of type [org.springframework.amqp.rabbit.annotation.RabbitBootstrapConfiguration$$EnhancerBySpringCGLIB$$5acb1372] is not eligible for getting processed by all BeanPostProcessors (for example: not eligible for auto-proxying)
2019-12-08 19:29:02.297 [main] INFO  o.s.c.s.PostProcessorRegistrationDelegate$BeanPostProcessorChecker - Bean 'org.springframework.transaction.annotation.ProxyTransactionManagementConfiguration' of type [org.springframework.transaction.annotation.ProxyTransactionManagementConfiguration$$EnhancerBySpringCGLIB$$945f5544] is not eligible for getting processed by all BeanPostProcessors (for example: not eligible for auto-proxying)
2019-12-08 19:29:02.327 [main] INFO  o.s.c.s.PostProcessorRegistrationDelegate$BeanPostProcessorChecker - Bean 'org.springframework.cloud.autoconfigure.ConfigurationPropertiesRebinderAutoConfiguration' of type [org.springframework.cloud.autoconfigure.ConfigurationPropertiesRebinderAutoConfiguration$$EnhancerBySpringCGLIB$$b0795841] is not eligible for getting processed by all BeanPostProcessors (for example: not eligible for auto-proxying)
2019-12-08 19:29:02.608 [main] INFO  o.s.boot.web.embedded.tomcat.TomcatWebServer - Tomcat initialized with port(s): 8080 (http)
2019-12-08 19:29:02.616 [main] INFO  org.apache.coyote.http11.Http11NioProtocol - Initializing ProtocolHandler ["http-nio-8080"]
2019-12-08 19:29:02.622 [main] INFO  org.apache.catalina.core.StandardService - Starting service [Tomcat]
2019-12-08 19:29:02.622 [main] INFO  org.apache.catalina.core.StandardEngine - Starting Servlet engine: [Apache Tomcat/9.0.14]
2019-12-08 19:29:02.626 [main] INFO  org.apache.catalina.core.AprLifecycleListener - The APR based Apache Tomcat Native library which allows optimal performance in production environments was not found on the java.library.path: [D:\Java\jdk1.8.0_111\bin;C:\windows\Sun\Java\bin;C:\windows\system32;C:\windows;C:\ProgramData\Oracle\Java\javapath;C:\windows\system32;C:\windows;C:\windows\System32\Wbem;C:\windows\System32\WindowsPowerShell\v1.0\;C:\windows\System32\OpenSSH\;C:\Program Files\NVIDIA Corporation\NVIDIA NGX;C:\Program Files (x86)\NVIDIA Corporation\PhysX\Common;C:\Program Files\NVIDIA Corporation\NVIDIA NvDLISR;D:\Java\jdk1.8.0_111\bin;D:\Git\cmd;D:\mysql-8.0.17\bin;D:\apache-maven-3.6.0\bin;D:\Anaconda3\Scripts;C:\Users\DNY-011\AppData\Local\Microsoft\WindowsApps;.]
2019-12-08 19:29:02.717 [main] INFO  o.a.c.c.C.[Tomcat].[localhost].[/manager] - Initializing Spring embedded WebApplicationContext
2019-12-08 19:29:02.717 [main] INFO  org.springframework.web.context.ContextLoader - Root WebApplicationContext: initialization completed in 1672 ms
2019-12-08 19:29:02.855 [main] INFO  com.netflix.config.sources.URLConfigurationSource - To enable URLs as dynamic configuration sources, define System property archaius.configurationSource.additionalUrls or make config.properties available on classpath.
2019-12-08 19:29:02.861 [main] INFO  com.netflix.config.DynamicPropertyFactory - DynamicPropertyFactory is initialized with configuration sources: com.netflix.config.ConcurrentCompositeConfiguration@194037f9
2019-12-08 19:29:03.379 [main] INFO  com.zaxxer.hikari.HikariDataSource - HikariPool-1 - Starting...
2019-12-08 19:29:03.681 [main] INFO  com.zaxxer.hikari.HikariDataSource - HikariPool-1 - Start completed.
2019-12-08 19:29:04.461 [main] INFO  o.s.boot.web.servlet.RegistrationBean - Filter sessionFilter was not registered (possibly already registered?)
2019-12-08 19:29:05.440 [main] INFO  com.netflix.config.sources.URLConfigurationSource - To enable URLs as dynamic configuration sources, define System property archaius.configurationSource.additionalUrls or make config.properties available on classpath.
2019-12-08 19:29:05.653 [main] INFO  o.s.scheduling.concurrent.ThreadPoolTaskExecutor - Initializing ExecutorService 'applicationTaskExecutor'
2019-12-08 19:29:05.922 [main] INFO  o.s.b.a.web.servlet.WelcomePageHandlerMapping - Adding welcome page template: index
2019-12-08 19:29:07.053 [main] INFO  o.s.b.actuate.endpoint.web.EndpointLinksResolver - Exposing 2 endpoint(s) beneath base path '/actuator'
2019-12-08 19:29:07.184 [main] INFO  o.s.cloud.netflix.eureka.InstanceInfoFactory - Setting initial instance status as: STARTING
2019-12-08 19:29:07.228 [main] INFO  com.netflix.discovery.DiscoveryClient - Initializing Eureka in region us-east-1
2019-12-08 19:29:07.277 [main] INFO  c.n.discovery.provider.DiscoveryJerseyProvider - Using JSON encoding codec LegacyJacksonJson
2019-12-08 19:29:07.277 [main] INFO  c.n.discovery.provider.DiscoveryJerseyProvider - Using JSON decoding codec LegacyJacksonJson
2019-12-08 19:29:07.365 [main] INFO  c.n.discovery.provider.DiscoveryJerseyProvider - Using XML encoding codec XStreamXml
2019-12-08 19:29:07.365 [main] INFO  c.n.discovery.provider.DiscoveryJerseyProvider - Using XML decoding codec XStreamXml
2019-12-08 19:29:07.552 [main] INFO  c.n.d.shared.resolver.aws.ConfigClusterResolver - Resolving eureka endpoints via configuration
2019-12-08 19:29:07.647 [main] INFO  com.netflix.discovery.DiscoveryClient - Disable delta property : false
2019-12-08 19:29:07.647 [main] INFO  com.netflix.discovery.DiscoveryClient - Single vip registry refresh property : null
2019-12-08 19:29:07.647 [main] INFO  com.netflix.discovery.DiscoveryClient - Force full registry fetch : false
2019-12-08 19:29:07.647 [main] INFO  com.netflix.discovery.DiscoveryClient - Application is null : false
2019-12-08 19:29:07.647 [main] INFO  com.netflix.discovery.DiscoveryClient - Registered Applications size is zero : true
2019-12-08 19:29:07.647 [main] INFO  com.netflix.discovery.DiscoveryClient - Application version is -1: true
2019-12-08 19:29:07.647 [main] INFO  com.netflix.discovery.DiscoveryClient - Getting all instance registry info from the eureka server
2019-12-08 19:29:07.724 [main] INFO  com.netflix.discovery.DiscoveryClient - The response status is 200
2019-12-08 19:29:07.726 [main] INFO  com.netflix.discovery.DiscoveryClient - Starting heartbeat executor: renew interval is: 30
2019-12-08 19:29:07.727 [main] INFO  com.netflix.discovery.InstanceInfoReplicator - InstanceInfoReplicator onDemand update allowed rate per min is 4
2019-12-08 19:29:07.729 [main] INFO  com.netflix.discovery.DiscoveryClient - Discovery Client initialized at timestamp 1575804547729 with initial instances count: 0
2019-12-08 19:29:07.734 [main] INFO  o.s.c.n.e.serviceregistry.EurekaServiceRegistry - Registering application SMARTWEB with eureka with status UP
2019-12-08 19:29:07.735 [main] INFO  com.netflix.discovery.DiscoveryClient - Saw local status change event StatusChangeEvent [timestamp=1575804547735, current=UP, previous=STARTING]
2019-12-08 19:29:07.737 [DiscoveryClient-InstanceInfoReplicator-0] INFO  com.netflix.discovery.DiscoveryClient - DiscoveryClient_SMARTWEB/Frank:smartweb:8080: registering service...
2019-12-08 19:29:07.770 [main] INFO  org.apache.coyote.http11.Http11NioProtocol - Starting ProtocolHandler ["http-nio-8080"]
2019-12-08 19:29:07.782 [DiscoveryClient-InstanceInfoReplicator-0] INFO  com.netflix.discovery.DiscoveryClient - DiscoveryClient_SMARTWEB/Frank:smartweb:8080 - registration status: 204
2019-12-08 19:29:07.788 [main] INFO  o.s.boot.web.embedded.tomcat.TomcatWebServer - Tomcat started on port(s): 8080 (http) with context path '/manager'
2019-12-08 19:29:07.788 [main] INFO  o.s.c.n.e.s.EurekaAutoServiceRegistration - Updating port to 8080
2019-12-08 19:29:07.953 [main] INFO  com.rpa.web.WebApplication - Started WebApplication in 7.916 seconds (JVM running for 8.476)
2019-12-08 19:29:08.497 [RMI TCP Connection(3)-192.168.10.89] INFO  o.s.a.rabbit.connection.CachingConnectionFactory - Attempting to connect to: [192.168.10.3:5672]
2019-12-08 19:29:08.501 [RMI TCP Connection(4)-192.168.10.89] INFO  o.a.c.c.C.[Tomcat].[localhost].[/manager] - Initializing Spring DispatcherServlet 'dispatcherServlet'
2019-12-08 19:29:08.501 [RMI TCP Connection(4)-192.168.10.89] INFO  org.springframework.web.servlet.DispatcherServlet - Initializing Servlet 'dispatcherServlet'
2019-12-08 19:29:08.513 [RMI TCP Connection(4)-192.168.10.89] INFO  org.springframework.web.servlet.DispatcherServlet - Completed initialization in 12 ms
2019-12-08 19:29:08.524 [RMI TCP Connection(3)-192.168.10.89] INFO  o.s.a.rabbit.connection.CachingConnectionFactory - Created new connection: rabbitConnectionFactory#1255de25:0/SimpleConnection@da836e2 [delegate=amqp://root@192.168.10.3:5672/, localPort= 64643]
2019-12-08 19:29:08.643 [RMI TCP Connection(3)-192.168.10.89] INFO  io.lettuce.core.EpollProvider - Starting without optional epoll library
2019-12-08 19:29:08.645 [RMI TCP Connection(3)-192.168.10.89] INFO  io.lettuce.core.KqueueProvider - Starting without optional kqueue library
2019-12-08 19:29:37.728 [DiscoveryClient-CacheRefreshExecutor-0] INFO  com.netflix.discovery.DiscoveryClient - Disable delta property : false
2019-12-08 19:29:37.728 [DiscoveryClient-CacheRefreshExecutor-0] INFO  com.netflix.discovery.DiscoveryClient - Single vip registry refresh property : null
2019-12-08 19:29:37.729 [DiscoveryClient-CacheRefreshExecutor-0] INFO  com.netflix.discovery.DiscoveryClient - Force full registry fetch : false
2019-12-08 19:29:37.729 [DiscoveryClient-CacheRefreshExecutor-0] INFO  com.netflix.discovery.DiscoveryClient - Application is null : false
2019-12-08 19:29:37.729 [DiscoveryClient-CacheRefreshExecutor-0] INFO  com.netflix.discovery.DiscoveryClient - Registered Applications size is zero : true
2019-12-08 19:29:37.729 [DiscoveryClient-CacheRefreshExecutor-0] INFO  com.netflix.discovery.DiscoveryClient - Application version is -1: false
2019-12-08 19:29:37.729 [DiscoveryClient-CacheRefreshExecutor-0] INFO  com.netflix.discovery.DiscoveryClient - Getting all instance registry info from the eureka server
2019-12-08 19:29:37.758 [DiscoveryClient-CacheRefreshExecutor-0] INFO  com.netflix.discovery.DiscoveryClient - The response status is 200
2019-12-08 19:34:07.649 [AsyncResolver-bootstrap-executor-0] INFO  c.n.d.shared.resolver.aws.ConfigClusterResolver - Resolving eureka endpoints via configuration
2019-12-08 19:39:07.651 [AsyncResolver-bootstrap-executor-0] INFO  c.n.d.shared.resolver.aws.ConfigClusterResolver - Resolving eureka endpoints via configuration
2019-12-08 19:44:07.652 [AsyncResolver-bootstrap-executor-0] INFO  c.n.d.shared.resolver.aws.ConfigClusterResolver - Resolving eureka endpoints via configuration
2019-12-08 19:49:07.653 [AsyncResolver-bootstrap-executor-0] INFO  c.n.d.shared.resolver.aws.ConfigClusterResolver - Resolving eureka endpoints via configuration
2019-12-08 19:54:07.655 [AsyncResolver-bootstrap-executor-0] INFO  c.n.d.shared.resolver.aws.ConfigClusterResolver - Resolving eureka endpoints via configuration
2019-12-08 19:59:07.657 [AsyncResolver-bootstrap-executor-0] INFO  c.n.d.shared.resolver.aws.ConfigClusterResolver - Resolving eureka endpoints via configuration
2019-12-08 20:04:07.657 [AsyncResolver-bootstrap-executor-0] INFO  c.n.d.shared.resolver.aws.ConfigClusterResolver - Resolving eureka endpoints via configuration
2019-12-08 20:09:07.659 [AsyncResolver-bootstrap-executor-0] INFO  c.n.d.shared.resolver.aws.ConfigClusterResolver - Resolving eureka endpoints via configuration
2019-12-08 20:14:02.854 [Thread-23] INFO  o.s.c.n.e.serviceregistry.EurekaServiceRegistry - Unregistering application SMARTWEB with eureka with status DOWN
2019-12-08 20:14:02.854 [DiscoveryClient-InstanceInfoReplicator-0] INFO  com.netflix.discovery.DiscoveryClient - DiscoveryClient_SMARTWEB/Frank:smartweb:8080: registering service...
2019-12-08 20:14:02.862 [Thread-23] INFO  o.s.scheduling.concurrent.ThreadPoolTaskExecutor - Shutting down ExecutorService 'applicationTaskExecutor'
2019-12-08 20:14:02.864 [DiscoveryClient-InstanceInfoReplicator-0] INFO  com.netflix.discovery.DiscoveryClient - DiscoveryClient_SMARTWEB/Frank:smartweb:8080 - registration status: 204
2019-12-08 20:14:04.514 [Thread-23] INFO  com.netflix.discovery.DiscoveryClient - Shutting down DiscoveryClient ...
2019-12-08 20:14:07.515 [Thread-23] INFO  com.netflix.discovery.DiscoveryClient - Unregistering ...
2019-12-08 20:14:07.527 [Thread-23] INFO  com.netflix.discovery.DiscoveryClient - DiscoveryClient_SMARTWEB/Frank:smartweb:8080 - deregister  status: 200
2019-12-08 20:14:07.535 [Thread-23] INFO  com.netflix.discovery.DiscoveryClient - Completed shut down of DiscoveryClient
2019-12-08 20:14:07.535 [Thread-23] INFO  com.zaxxer.hikari.HikariDataSource - HikariPool-1 - Shutdown initiated...
2019-12-08 20:14:07.543 [Thread-23] INFO  com.zaxxer.hikari.HikariDataSource - HikariPool-1 - Shutdown completed.
